2025-05-20 12:16:17 - HTTP 403
Request: {"recipient":"0721859015","sender_id":"Talksasa","message":"Hello","callback_url":""}
Response: {"status":"error","message":"Could not interpret numbers after plus-sign."}

2025-05-20 12:16:35 - HTTP 403
Request: {"recipient":"+254721859015","sender_id":"Talksasa","message":"How are you?","callback_url":""}
Response: {"status":"error","message":"Originator Talksasa is not authorized to send this message"}

2025-05-20 12:18:11 - HTTP 200
Request: {"recipient":"+254721859015","sender_id":"BookPrestig","message":"How are you?","callback_url":""}
Response: {"status":"success","message":"Your message was successfully delivered","data":{"user_id":726,"to":"254721859015","message":"How are you?","sms_type":"plain","status":"Delivered","sms_count":1,"cost":1,"sending_server_id":2,"from":"BookPrestig","api_key":"772|eLMZ3e9YhWWXeeExMmYiKtWBvyKMGsKDxqV6cFDj153678e3","send_by":"api","uid":"682c56e36fd59","updated_at":"2025-05-20T10:18:11.000000Z","created_at":"2025-05-20T10:18:11.000000Z","id":4416299}}

2025-05-20 12:18:22 - HTTP 403
Request: {"recipient":"+254721859015","sender_id":"BookPrestig","message":"Hello","callback_url":""}
Response: {"status":"error","message":"You have exceeded your sending limit."}

2025-05-20 12:24:40 - HTTP 403
Request: {"recipient":"+254721859015","sender_id":"BookPrestig","message":"Your balance is bellow 54000.","callback_url":""}
Response: {"status":"error","message":"You have exceeded your sending limit."}

2025-05-20 12:25:24 - HTTP 403
Request: {"recipient":"0721859015","sender_id":"BookPrestig","message":"Your balance is below 5400. Please topup","callback_url":""}
Response: {"status":"error","message":"Could not interpret numbers after plus-sign."}

2025-05-20 12:50:05 - HTTP 200
Request: {"recipient":"+254721859015","sender_id":"BookPrestig","message":"Your fee balance is 50,000.Please pay your fee before end of today.","callback_url":""}
Response: {"status":"success","message":"Your message was successfully delivered","data":{"user_id":726,"to":"254721859015","message":"Your fee balance is 50,000.Please pay your fee before end of today.","sms_type":"plain","status":"Delivered","sms_count":1,"cost":1,"sending_server_id":2,"from":"BookPrestig","api_key":"772|eLMZ3e9YhWWXeeExMmYiKtWBvyKMGsKDxqV6cFDj153678e3","send_by":"api","uid":"682c5e5e58ac8","updated_at":"2025-05-20T10:50:06.000000Z","created_at":"2025-05-20T10:50:06.000000Z","id":4416971}}

2025-07-20 12:38:35 - HTTP 403
Request: {"recipient":"254234567890","sender_id":"TALKSASA","message":"UtaFiti huB\nHi System Admin,\nCode: 885320. Valid: 15 mins\nNot you? Call admin.\nGoing the extra mile.","callback_url":""}
Response: {"status":"error","message":"{\"Error\": \"412: RouteNotFoundError (No route found)\"}"}

2025-07-20 12:41:28 - HTTP 200
Request: {"recipient":"254721859015","sender_id":"TALKSASA","message":"UtaFiti huB\nHi System Admin,\nCode: 846035. Valid: 15 mins\nNot you? Call admin.\nGoing the extra mile.","callback_url":""}
Response: {"status":"success","message":"Your message was successfully delivered","data":{"user_id":723,"to":"254721859015","message":"UtaFiti huB\nHi System Admin,\nCode: 846035. Valid: 15 mins\nNot you? Call admin.\nGoing the extra mile.","sms_type":"plain","status":"Delivered","sms_count":1,"cost":1,"sending_server_id":2,"from":"TALKSASA","api_key":"989|CIwbNQR0XHeVSttXARSdBtX6lf1xnouPzieBoFOD9e6d2754","send_by":"api","uid":"687cb9c52decf","updated_at":"2025-07-20T09:41:25.000000Z","created_at":"2025-07-20T09:41:25.000000Z","id":4559867}}

2025-07-20 12:42:44 - HTTP 200
Request: {"recipient":"254721859015","sender_id":"TALKSASA","message":"UtaFiti huB\nHi System Admin,\nCode: 313460. Valid: 15 mins\nNot you? Call admin.\nGoing the extra mile.","callback_url":""}
Response: {"status":"success","message":"Your message was successfully delivered","data":{"user_id":723,"to":"254721859015","message":"UtaFiti huB\nHi System Admin,\nCode: 313460. Valid: 15 mins\nNot you? Call admin.\nGoing the extra mile.","sms_type":"plain","status":"Delivered","sms_count":1,"cost":1,"sending_server_id":2,"from":"TALKSASA","api_key":"989|CIwbNQR0XHeVSttXARSdBtX6lf1xnouPzieBoFOD9e6d2754","send_by":"api","uid":"687cba10c9850","updated_at":"2025-07-20T09:42:40.000000Z","created_at":"2025-07-20T09:42:40.000000Z","id":4559903}}

2025-08-01 15:09:29 - HTTP 200
Request: {"recipient":"254721859015","sender_id":"TALKSASA","message":"UtaFiti huB\nHi System Admin,\nCode: 144138. Valid: 15 mins\nNot you? Call admin.\nGoing the extra mile.","callback_url":""}
Response: {"status":"success","message":"Your message was successfully delivered","data":{"user_id":723,"to":"254721859015","message":"UtaFiti huB\nHi System Admin,\nCode: 144138. Valid: 15 mins\nNot you? Call admin.\nGoing the extra mile.","sms_type":"plain","status":"Delivered","sms_count":1,"cost":1,"sending_server_id":2,"from":"TALKSASA","api_key":"989|CIwbNQR0XHeVSttXARSdBtX6lf1xnouPzieBoFOD9e6d2754","send_by":"api","uid":"688cae7878db4","updated_at":"2025-08-01T12:09:28.000000Z","created_at":"2025-08-01T12:09:28.000000Z","id":5042136}}

2025-08-01 14:24:03 - HTTP 403
Request: {"recipient":"0721859015","sender_id":"TALKSASA","message":"Hello Kiplimo, your child Rodgers Sande (Adm: 685) in 2025Grade9  has outstanding fee balance of KSh 53,000. Kindly clear to avoid inconvenience.\n\n- ","callback_url":""}
Response: {"status":"error","message":"Could not interpret numbers after plus-sign."}

2025-08-01 14:28:03 - HTTP 403
Request: {"recipient":"0721859015","sender_id":"TALKSASA","message":"Hello Kiplimo, your child Rodgers Sande (Adm: 685) in 2025Grade9  has outstanding fee balance of KSh 53,000. Kindly clear to avoid inconvenience.\n\n- ","callback_url":""}
Response: {"status":"error","message":"Could not interpret numbers after plus-sign."}

2025-08-01 14:28:59 - HTTP 403
Request: {"recipient":"0721859015","sender_id":"TALKSASA","message":"Hello Kiplimo, your child Rodgers Sande (Adm: 685) in 2025Grade9  has outstanding fee balance of KSh 53,000. Kindly clear to avoid inconvenience.\n\n- ","callback_url":""}
Response: {"status":"error","message":"Could not interpret numbers after plus-sign."}

2025-08-01 14:38:32 - HTTP 403
Request: {"recipient":"0721859015","sender_id":"TALKSASA","message":"Hello Kiplimo, your child Rodgers Sande (Adm: 685) in 2025Grade9  has outstanding fee balance of KSh 53,000. Kindly clear to avoid inconvenience.\n\n- ","callback_url":""}
Response: {"status":"error","message":"Could not interpret numbers after plus-sign."}

2025-08-01 14:44:35 - HTTP 403
Request: {"recipient":"0721859015","sender_id":"TALKSASA","message":"Hello Kiplimo, your child Rodgers Sande (Adm: 685) in 2025Grade9  has outstanding fee balance of KSh 53,000. Kindly clear to avoid inconvenience.2025Grade9 has outstanding fee balance of KSh 53,000","callback_url":""}
Response: {"status":"error","message":"Could not interpret numbers after plus-sign."}

2025-08-01 14:45:19 - HTTP 403
Request: {"recipient":"0721859015","sender_id":"TALKSASA","message":"Hello Kiplimo, your child Rodgers Sande (Adm: 685) in 2025Grade9  has outstanding fee balance of KSh 53,000. Kindly clear to avoid inconvenience.2025Grade9 has outstanding fee balance of KSh 53,000","callback_url":""}
Response: {"status":"error","message":"Could not interpret numbers after plus-sign."}

2025-08-23 18:55:57 - HTTP 403
Request: {"recipient":"0721859015","sender_id":"TALKSASA","message":"Hello Kiplimo, your child Rodgers Sande (Adm: 685) in 2025Grade9  has outstanding fee balance of KSh 53,000. Kindly clear to avoid inconvenience.\n\n- ","callback_url":""}
Response: {"status":"error","message":"Could not interpret numbers after plus-sign."}

